The S&P 500
Investors
Apple Inc.
Apple Inc.
The Federal Reserve
Investors
Chairman Jerome Powell
Apple Inc.
Apple Inc.
Apple Inc.
The Federal Reserve
The S&P 500
Chairman Jerome Powell
iPhone 15 Sales
Analyst Estimates
Holiday Quarter Revenue
Recession
Recession
Revenue
Stock Price
Labor Market
Interest Rate
Inflation
Price Pressures
Stock Market Index
Stock Index
The information
The comparison of economic conditions
Economic conditions
The outlook for the national economy
The Federal Reserve System
The Federal Reserve System
The Beige Book
The Beige Book
Current Economic Conditions
Federal Reserve System
Wages
Prices
Activity
Activity
Philadelphia
Philadelphia
Manufacturers
Non-manufacturers
Firms
Economic uncertainty
Growth
Philadelphia
Many districts
One district report
Economic Activity
Growth
Growth
Growth
The Beige Book
The Beige Book
The Beige Book
Information Collection
Economic Conditions
The Beige Book
Regional Information Gathering
Commentary
Each Federal Reserve Bank
Each Federal Reserve Bank
Each Federal Reserve Bank
Federal Reserve Banks
Contacts
Each Federal Reserve Bank
Federal Reserve Banks
current economic conditions
reports from Bank and Branch directors
interviews
diverse set of sources
random selection
accurate and objective information
online questionnaires
The Beige Book
The Beige Book
The Beige Book
The Beige Book
The Beige Book
The Beige Book
Federal Reserve System
Regional Economic Conditions
District's Sources
Reports
District's Sources
Publication Frequency
Economic activity in New York
Employment in New York
Economic activity
Employment
The pace of price increases in New York
Businesses in New York
Economic activity
Employment
Wage growth in New York
Economic activity
Price increases
Wage growth
Businesses
Economic activity
The pace of price increases
Employment
Wage growth
Wage growth
Activity
The pace of price increases
St. Louis
Contacts in St. Louis
St. Louis
Prices in St. Louis
Economic Activity
Contacts in St. Louis
Banking Activity in St. Louis
Economic Outlook in St. Louis
Employment Levels
Labor Shortages
St. Louis
St. Louis
Consumer Purchasing Power
Banking Activity
Prices
Economic Outlook
Economic Activity
Employment Levels
Economic activity in the Second District
Wage growth
Employment
The pace of price increases
Input prices
Selling prices
Economic activity
Wage growth
Employment
Price increases
Manufacturing activity
Consumer spending
Input prices
Selling prices
The increase in consumer spending
Housing markets
Businesses
Overall loan demand
Manufacturing activity
Consumer spending
Housing markets
Resilience of mid-to-upper-income households
Increase in activity
Loan demand
The regional economy in Richmond
Consumer spending in Richmond
Consumer spending
Economic Growth
The manufacturing sector in Richmond
The regional economy
Consumer Spending
Consumer Spending
The Beige Book
The Federal Reserve System
Economic Growth
Manufacturing Sector
The Federal Reserve Board
The Federal Reserve Banks
Surveys
Information
The Federal Reserve System
Fed Listens
Statistical releases
The Federal Reserve System
The Federal Reserve System
The Federal Reserve System
Links
The Federal Reserve System
Members of the advisory councils
Community outreach summary
community organizations
businesses
Events
households
Advisory councils
Businesses, nonprofit organizations, and community groups
Manufacturing activity
Shipping of equipment and materials
An upstate manufacturer of kegs
Activity
New orders
Manufacturers
Wholesale and distribution firms
Conditions
Production
Federal Reserve
The Beige Book
The Beige Book
Federal Reserve
San Francisco Bank
New York Bank
San Francisco Bank
data and analysis
Seattle Branch
dynamics
emerging trends
Districts
Hawaii
Commonwealth of Puerto Rico and the U.S. Virgin Islands
The Federal Reserve
Board of Governors
Alaska
The Federal Reserve
American Samoa, Guam, and the Commonwealth of the Northern Mariana Islands
Districts
branch boundaries
Districts
San Francisco
San Francisco
San Francisco
San Francisco
San Francisco
San Francisco
San Francisco
San Francisco
Economic Activity
Employment Levels
San Francisco
Wages
Prices
Agriculture Activity
Retail Trade Activity
Residential Real Estate Activity
Business Services Conditions
Consumer Services Conditions
Economic activity
Three Districts
Five Districts
Four Districts
Overall consumer spending
Economic activity
growth in activity
activity
consumer spending
activity
Sentiment
Demand for leisure and hospitality services
Other reports
Demand for electric vehicles
Some reports
Some contacts
Demand by the domestic financial services sector
economic growth
international travelers
sentiment
activity
business lending
Strong demand
demand
demand
Nonprofits
Nonprofits
Community health-care center
Rising business costs
Medicaid
Challenges
Rising business costs
Challenges
Financial distress
Financial pressures
Insurance
Financial distress
Contacts
Economic Precarity
Low-and Moderate-Income Households
Food Pantry Use
Low-and Moderate-Income Households
Planned Cuts to SNAP
Planned Cuts to Medicaid
Further Increases in Consumer Prices
Economic Situation
Managing Expenses
New England
Low-and Moderate-Income Households
Spending
Rising Construction Costs
Low-and Moderate-Income Households
Low-and Moderate-Income Households
Food pantry use
Rising construction costs
Workforce Housing Shortages
Workforce Housing Development
First District retail and tourism contacts
Hotel occupancy rates
Overall growth in tourism
Workforce housing development
Economic precarity
Tourism contacts
Certain parts of Cape Cod and Maine
New Hampshire
The increase in New Hampshire
The outlook among retail and tourism contacts
Retail and tourism contacts
Certain parts of Cape Cod
Activity
Certain parts of Maine
Luxury accommodations
Greater Canadian travelers to New England
Demand
Activity
Summer tourism activity
Purchase of electric vehicles
Outlook
Uncertainty
summer tourism activity
summer tourism activity
Contacts from the Rochester area
Desirable properties
Desirable properties
Rents
Asking price
Communities
Days
New York City
New York City rents
Contacts
New York City's office market
Firms
Commercial real estate markets
The luxury end of the retail market in Manhattan
Activity in the retail market
Other parts of the retail market
Construction activity
Historic highs
Rents in New York City
Some communities
Rental demand
Office space
Activity
Improvement
Bifurcation
Resilience
Weakness
Decline
New housing developments
Historic highs
Economic activity in the Third District
Manufacturing activity
Activity
Employment levels
Economic activity in the Third District
Wage growth
Prices
Firms
Firms
Economic activity
Manufacturing activity
Demand from consumers
Employment levels
Firms
Economic activity
Contacts across industries
Wage growth
Cost pressures
Manufacturers
Prices
Prices
Wage growth
Activity
Downside risks
Growth
Prices
Tariff-induced input cost increases
Several District reports
Higher costs
Some firms
Some firms
Districts
Firms in manufacturing and retail trades
Waning demand
Prices
Prices for lumber
Input Costs
Final Prices
Prices for steel
Selling Prices
Tariff-induced input costs
Pushback
Higher Import Costs
Some firms
Prices
Some firms
Some firms
Waning Demand
Waning Demand
Final prices
Selling prices
Market share
Price-sensitive clients
Prices
Wholesale food prices
Cost pressures
Restaurants
Construction costs
Liability insurance rates
Energy prices
Prices
Contacts
Most contacts
Smaller manufacturers
Contacts
Prices
Wholesale food prices
Cost pressures
Profitability
Construction costs
Some contacts
Energy prices
Liability insurance rates
Prices
Cost pressures
Prices of certain tools
Tariff-induced cost increases
Restaurants
Prices of copper
Costs
Copper
Acceleration of prices
Certain tools
Profitability
Copper and certain tools
Prices
Prices
Various contacts
Various contacts
Various contacts
Some contacts
Some contacts
Contacts
Contacts
Some contacts
Demand
Demand
Demand
Production plans
Contacts
Tariffs
Pricing plans
Balance
Contacts
Various contacts
Various contacts
Advertising plans
Various contacts
Various contacts
Various contacts
Various contacts
Inflation
Various contacts
Various contacts
Increased demand
Uncertainty
Pricing plans
Production plans
Advertising plans
Tariffs
Business outlook
Inflation
Uncertainty
Commercial Real Estate
Some Contacts
The Boston Market
Contacts
Office Rents
Operating Costs
Activity
The Retail Sector
Seasonal Uptick
Large Office Deals
Rents
The Retail Sector
Leasing Activity
Costs
Industrial Leasing and Sales Activity
Leasing Activity
Apartment Rents
The Rise in Apartment Rents
The Outlook
Construction Activity
Rent Growth
Construction Costs
The Outlook
Contacts
The Federal Funds Rate
Activity
Rents
Slowdown
Commercial Real Estate
Costs
Pessimism
Activity
Improvement
Return-to-Office Policies
Sentiment
Rents
Other contacts
Contacts in banking and professional and business services
Labor Markets
One restaurateur
Several manufacturers
The restaurateur
Wage Pressures
Wages
Minimum Wage
The restaurateur
Wage Pressures
Wages
Overall costs
Minimum wage
Employment levels in the Sixth District
The Sixth District economy
Prices in the Sixth District
Financial conditions in the Sixth District
Manufacturing and real estate activity in the Sixth District
Wages in the Sixth District
Leisure travel
Prices in the Sixth District
Nonbusiness contacts in the Sixth District
Home sales in the Sixth District
Employment in the Sixth District
Consumer spending
Wages in the Sixth District
Commercial real estate in the Sixth District
Consumer spending in the Sixth District
Transportation in the Sixth District
Leisure travel in the Sixth District
Home sales
Commercial real estate
Transportation
Sixth District
Sixth District
Sixth District
Sixth District
Sixth District
Contacts
Contacts
Contacts
Tariff Impacts
Historical Averages
One contact
Contacts
Contacts
Orders from producers
Demand for manufactured goods
Demand
Demand for manufactured goods
Labor Markets
Labor Markets
Labor Markets
Manufacturing Employment
Cuts to federal grant funding
Some firms
Cuts to federal grant funding
Some firms
Employment
Hiring
Employment in IT services
Layoffs
Manufacturing Employment
Hiring in sales positions
Hiring in technical positions
Layoffs in the education sector
Layoffs in the health-care sector
Retail ability
Headcount
Workers
Contacts in Maine
Contacts in Vermont
Hiring plans
Expected reductions in seasonal visas
The longer-term outlook
Increases in hiring
Contacts in Maine
Employment
Hiring
Hiring
Labor market slack
Contacts in Vermont
Labor supply
Labor market slack
Hiring
Retail ability
Hiring
Hiring
labor market slack
labor market slack
Dallas
Dallas
Dallas
Dallas
Dallas
Dallas
Dallas
Dallas
Economic Activity
Services Sector Activity
Retail Sales
Manufacturing Output Growth
Loan Demand
Housing Market
Drilling and Well Completion Activity
Employment
Dallas
Dallas
Dallas
Dallas
Dallas
Dallas
Businesses in Dallas
Price Pressures
Wage Growth
Price Pressures
Price Pressures
Price Pressures
Price Pressures
Price Pressures
Services Sector
Firms in the Leisure and Hospitality Sector
Firms in the Retail Sector
Firms in the Business Services Sector
Firms in the New York City Metro Area
Firms in the New York City Metro Area
Domestic Tourism
International Visitors
International Visitors
Decline
Decline
Decline
Decline in International Visitors
Attendance at Broadway Shows
Decline
Opportunities for Government Contract Bids
Activity at New York City's Other Cultural Attractions
Business Activity
Growth
Spending
Decline
Demand for Hotel Rooms
Demand for Hotel Rooms
Room Rates
Toll on Attractions and Restaurants
Flat to Down Slightly
Solid
Edge Up
Levels Last Seen in 2019
The city's other cultural attractions
High
Activity
Minneapolis
Minneapolis
Minneapolis
Minneapolis
Minneapolis
Economic Activity
Minneapolis
Minneapolis
Minneapolis
Labor Demand
Wage Growth
Agricultural contacts
Manufacturing
Input Price Pressures
Minneapolis District
Firms and job seekers
Input Price Pressures
Sectors
Wage Growth
Price Increases
Price Increases
Commercial Real Estate
Commercial Real Estate
Manufacturing
Most other sectors
China's soybean purchases
Agricultural contacts
Labor Demand
Economic Activity
Economic Activity
Economic Activity
Economic Activity
China's elimination of soybean purchases
Manufacturing activity
Activity in the remaining sectors
Firms
Employment
Wage growth
Price growth
Firms
Overall year-over-year price growth
Labor
Manufacturing
Tariffs
Contacts across industries
Contacts across industries
Some contacts
Open positions
One banker
Growth
Turnover
Declining business activity
Retailers
Many contacts
Loan originators
One manufacturer
One manufacturer
One banker
One banker
Positions
Layoffs
Labor demand
District banks
Cuts
Layoffs
Demand
District banks
District banks
District banks
Loan originators
District banks
District banks
District banks
District banks
District banks
Most banking contacts
District banks
Bank lending
Bank lending
Bank lending
Bank lending volume
Credit card volumes
Consumer lending
Commercial and industrial lending
Consumer lending
Home equity lines
Credit card volumes
Mortgages
Auto loans
Credit card volumes
Credit card volumes
Credit quality
Delinquencies and defaults
Decline
Commercial and industrial lending
Decrease
Slight increase
Rise
Bankers
Households
One Commercial Banker
Businesses
Some Bankers
Some Bankers
Bankers
Bankers
Loan Demand
Commercial bankers
Clients
Loan Demand
Loan demand
Loan Demand
Loan Demand
Core Deposits and Overall Delinquency Rates
Loan Demand
Interest Rates
Interest Rates
Economic Activity
Software Firms
Commercial Real Estate Activity
Manufacturing Sales
Consumer Spending
Commercial Real Estate Activity
IT Services Firms
Home Sales
Demand for Software and IT Services
Housing Inventory
Revenues
Employment
Prices
Layoffs
Wage Increases
Contacts
Revenues
Business Contacts
Manufacturing sales
Business Contacts
Commercial real estate activity
Economic activity
Non-Business Contacts
Consumer spending
Commercial real estate activity
Software firms
IT services firms
Layoffs
Employment
Software and IT services firms
Cost Pressures
Wage increases
Outlook
Economic Security of Lower-Income Households
Revenues
Revenues
Demand
Fourth District
Contacts in the Fourth District
Contacts in commercial construction
Cost Growth
Contacts in financial services
Selling Prices
Contacts
Commercial construction contacts
Financial services contacts
Fourth District
Business Activity
Contacts
Business Activity
Demand
Demand
Demand
Cost growth
Demand
Wage inflation
Cleveland
Selling prices
Contacts
Firms
Wage increases
Wage increases
Home Sales
Boston
Upward wage pressure
The Outlook
Home sales
Wages
long-run average
Long-run average
Cost Pressures
The Outlook
Home Sales
Home sales
Economic activity in the Tenth District
Employment levels
Expectations for employment
Expectations for sales
Employment levels
Expectations for the pace of price growth
Expectations for employment
Expectations for sales
Sales
Employment levels
Economic activity
Employment
Expectations for price growth
Employment
Price growth
Sales
Employment
Employment in the Fifth District
A few firms
A few firms
Price growth
Several firms
Several firms
A small jewelry store
Wage growth
Several firms
The small jewelry store
Total head count
Employment
Total head count
Head count
Demand
Wage growth
Closing
Layoffs
Pool of applicants
First District contacts
One contact
Contacts
Firms
First District contacts
Contacts
Firms
Stable costs
Revenue growth
One contact
Demand for software and IT services
Revenues
Prices
Strong demand
Strong demand
Costs
Expectations for revenue growth
First District contacts
Firms
Revenue
Selling prices
Revenues
Input prices
Prices
Many businesses
An upstate brewing company
One major retailer
Many businesses
A department store
Costs
Apparel
Store sales
Store sales
Sales of apparel
Concerns
Many businesses
Consumer spending
Prices
Dealers
Ingredient costs
Price increases
Alternative inputs
The Long Island area
Store sales
Resilience among mid-to-upper-income consumers
Same stores
Affordability
Costs
Used car sales
Costs
Manufacturing
Indexes for New Orders
Indexes for Shipments
Total Production
Indexes for New Orders and Shipments
Firms
Manufacturing Activity
New Orders
Firms
Firms
Manufacturers
Shipments
Firms
Historical Averages
Firms
Total Production
Capacity Utilization
Growth
New Orders
Shipments
Respondents in a semiannual survey of nonprofits
One nonprofit
Respondents who assist job seekers
One nonprofit organization
Another respondent
Respondents who assist job seekers
Another respondent
Formerly incarcerated job seekers
Reserve fund
Funding for their respective organizations
Reserve fund
Clients
Closed sales of single-family homes
Nonprofit sector
Closed sales of single-family homes
Nonprofit sector
Employment
Formerly incarcerated job seekers
Condo prices
Inventories of single-family homes
House price growth
House prices
The trend of increasing inventories
Sales
Massachusetts contact
Sales
House prices
House prices
Inventories
Prices
Growth
Prices
Trend
Growth
House prices
Buyers
Firms in wholesale
Firms in retail
Firms in construction
Labor Markets
Firms in healthcare
Firms in finance
Firms in personal services
Firms in transportation
Firms in education
Firms in business services
Labor Demand
Labor Demand
Labor Demand
Employment
Head Counts
Head Counts
Head Counts
Head Counts
Head Counts
Head Counts
Labor Demand
Head Counts
Head Counts
Head Counts
Industry
Workers in finance
Wage Growth
Workers in accounting
Labor Markets
Firms in leisure and hospitality
Several businesses in construction
Firms in education
Firms in wholesale
Firms in construction
Several businesses in leisure and hospitality
Wage Growth
Contacts
Tech Workers
Wage Growth
Major Layoffs
Wages
Wages
Wages
Wages
Workers
Workers
Finance
Wage Growth
Casual sit-down restaurants
Retail, Travel, and Tourism
Companies tied to new home construction
Replacement window company
Activity
Revenue
Sales
Comparative price shopping
Tourism and travel businesses
Furniture store
Several hotels in the greater Washington, D.C. area
Hotels
Homeowners
The replacement window company
Homeowners
Reports
Results
Traffic
Sports-related travel
Renovation
Sales
Renovation
Small-to-medium-sized banks
Activity in the broad finance sector
Overall loan demand
Bankers
Small-to-medium-sized banks
Demand for residential mortgages
Small-to-medium-sized banks
Small-to-medium-sized banks
Small-to-medium-sized banks
Small-to-medium-sized banks
Demand for consumer loans
Activity
Demand for residential mortgages
Demand for commercial mortgages
Demand for business loans
Demand for consumer loans
Demand for business loans
Business loans
Demand for commercial mortgages
Overall loan demand
Economic activity in the Seventh District
Contacts in the Seventh District
Prospects for 2025 farming income
Prospects for farming income
Economic activity
Contacts
Economic activity in the Sixth District
Farming income
Farming income
Wages in the Sixth District
Employment levels in the Sixth District
Prices in the Sixth District
Consumer spending in the Sixth District
Economic activity
Leisure travel in the Sixth District
Activity in residential real estate in the Sixth District
Wages
Commercial real estate in the Sixth District
Prices
Manufacturing in the Sixth District
Transportation in the Sixth District
Loan growth in the Sixth District
Employment levels
Consumer spending
Energy activity in the Sixth District
Leisure travel
Agriculture conditions in the Sixth District
Activity in residential real estate
Transportation
Loan growth
Commercial real estate
Energy activity
Manufacturing
Agriculture conditions
Employment levels in the District
Several firms
Many firms
Some firms
Turnover
Headcount reductions
Impacts from changes to immigration policy and enforcement
Impacts from changes to immigration policy and enforcement
Uncertainty around labor supply and consumer demand
Employment levels
Impacts from changes to immigration policy and enforcement
Wage growth
Demand
Turnover level
Wage pressures
Additions
Headcount reductions
Certain geographies
Turnover
Sectors
Labor Markets
Firms' hiring plans
Wage growth
Impacts
Wage pressures
Turnover Level
Retailers
Sales growth
Some retailers
Rising prices
Diners
Leisure travel activity
Automobile dealers
Hotel occupancy levels
Domestic travel booking windows
Volume of international visitors
Business and group travel
Cruising
Retailers
Same-store sales
2025
Demand
Prices
Desserts and alcoholic beverages
Decline
New electric vehicle sales
Trend downward
Muted
Shortened
Flat
2025 holiday travel season
Sales Growth
Financial institutions
Some financial institutions
Deposit levels
Many borrowers
One banker
Competition for balances
Loan types
A few financial institutions
Commercial loan portfolio
Loan delinquencies
Overall economy and rates
Borrowers
Marketplace
Financial institutions
Loan delinquencies
Loan delinquencies
A few institutions
Consumer loan portfolios
Demand
Mortgages and home equity loans
Loan delinquencies
Employment
Demand for labor
Employers
Contacts
Contacts
Employment levels
Employers
Contacts
Labor supply
Labor cost pressures
Wages
The document
Demand for labor
Head counts
Weaker demand
Employers
Labor supply
Elevated economic uncertainty
Increased investment in artificial intelligence technologies
Contacts
Part-time workers
Contacts
Contacts
Wages
Wages
Labor cost pressures
comments
head counts
increased investment in artificial intelligence technologies
elevated economic uncertainty
weaker demand
growth
Firms across a broad spectrum of non-manufacturing industries
Activity
The new orders index
The new orders index
The sales/revenues index
One retailer
The retailer
Increase
Activity
Level
Activity in the tourism sector
Activity
Level
Seasonal slowdown
Electric vehicle sales
Decline in the tourism sector
The slowdown in the tourism sector
Luxury leisure travel
Many consumers
One contact
Decline
Expectations for growth among non-manufacturers
The retailer
Expectations for growth
The seasonal slowdown in September
Decrease
Growth
Destinations
Segments
Average distance traveled
Historical average
High Spending by Consumers
Seasonal Slowdown
Narrowing
The pace of price growth
Firms
The diffusion index for prices paid
The diffusion index for prices paid
The index for prices received
The index for prices received
Price Growth
The prices received index
The prices paid index
Most business contacts
Multiple contacts
Manufacturers
Nonmanufacturers
Manufacturers
Nonmanufacturers
Tariffs
One contact
All firms
Cost pressures
Some suppliers
One contact
Consumer-facing businesses
Consumer-facing businesses
All firms
Liability insurance policy
Health-care costs
Prices
Health-care costs
Liability insurance policy
Costs related to autos and newly constructed homes
Costs
15 percent increase
nearly 10 percent rise
Service sector firms
Prices
Manufacturers
Firms in both sectors
Input Costs
A couple of firms
Some firms
Price Growth
Price Growth
Prices Received
Input Costs
Customers
Prices
Prices
Contacts
An employment placement agency
A few contacts in manufacturing and construction
Wages and benefits costs
Layoffs
Many contacts
Labor Market Conditions
Another contact
The employment placement agency
Demand
Availability
Costs
Health Insurance Premiums
Need to rehire
Layoffs in agricultural machinery manufacturing
Demand from manufacturers
Revoked visas
Business spending
Business spending
Capital expenditures
Expectations
Labor availability
Business spending
Business spending
Capital expenditures
Manufacturing inventories
Expectations
Expectations
Capital expenditures
Demand for truck transportation
Demand for truck transportation
Manufacturing inventories
Manufacturing inventories
Expectations
Demand for truck transportation
Capital expenditures
Demand for truck transportation
Manufacturing inventories
Non-labor input costs
Non-labor input costs
Non-labor input costs
Retail contacts
Retail contacts
Retail contacts
Retail contacts
Banking and professional and business services contacts
Foreign producers
Manufacturers
Imported components
Chemical inputs
Banking and professional and business services contacts
Costs
Several manufacturers and wholesalers
Costs
Vehicles
Beef
Coffee
Chocolate
Some manufacturers
Technology
Retail contacts
Prices
Utilities costs
Insurance
Input costs
Growth
Prices
Prices
Contacts
Nonresidential Construction
Demand
Commercial Real Estate Activity
Demand from Restaurant Groups
Leasing Activity
Contacts
Prices and Rents
Rent Concessions
Construction
Vacancy Rates
Bringing Down Asking Prices
Availability of Sublease Space
Data Centers and Health-Care Facilities
Some Contacts
Warehouse Inventory
Activity
Office Sector
Asking Prices for Properties
Prices and Rents
Demand
Contacts
Vacancy Rates
Movement in the Market
Contacts
Sublease Space
Contacts
Industrial Vacancy Rates
Warehouse Inventory
Data Centers
Health-Care Facilities
Commercial Real Estate Activity
Nonfinancial service providers
Uncertainty
The design firm
A design firm
Uncertainty
The design firm
Demand
Comments
Customers
Customers
Nonfinancial service provider
Comments
Nonlabor input costs
Contacts
Prices
Manufacturing contacts
Contacts
Several contacts in the construction industry
Growth
Nonlabor input costs
Prices
Metals prices
Costs
One retail industry analyst
Producer and consumer prices
Several smaller retailers
Nonlabor input costs
Input prices
Producer and consumer prices
Tariff-related cost increases
Prices
Growth
Prices
Growth
A logistics firm in Northwest Arkansas
Nonfinancial Services Sector
Residential construction and real estate contacts
One real estate broker
One home builder
Contacts
Reports from real estate developers and a commercial builder
One contact
Current homeowners
Trucking insurance premiums
Activity
Current homeowners
Demand for new homes
Demand for new homes
Demand
Homeowners
Demand
Real estate contacts
Demand for consumer-facing properties
Reluctance to sell
Interest rates
Lower mortgage interest rates
Demand
Softening demand for consumer-facing properties
Labor Markets
Contacts
Contacts
Contacts
Workers
A Manufacturer
Contacts in Manufacturing, Construction, and Agriculture
A Construction Firm in Memphis
Employment Levels
Cost-of-Living Adjustment
The Reduced Labor Pool
Hiring
Layoffs
Employer Contributions
Employment
Cost-of-Living Adjustment
Reporting to Work
Filling Roles
Labor Shortages
A construction firm in Memphis
Labor Costs
4 Percent
Project Delays
Health Insurance Program
First in Six or Seven Years
Project Delays
Fourth District contacts
Fourth District contacts
Commercial construction contacts
Financial services contacts
Manufacturers
Activity
Business Activity
Demand
Demand
Demand for goods
Manufacturers
Manufacturers
Manufacturers
Non-labor cost pressures
Uptick in demand for commercial construction
Selling prices
Financial services contacts
Commercial construction contacts
Uptick in demand for financial services
Employment levels
Tariffs
Lower interest rates
Wage pressures
Demand
Demand
Lower interest rates
Consumer Spending
Leisure and hospitality sales
Spending
Spending
Travel-related categories
Spending
New light vehicle sales
New light vehicle sales
New light vehicle sales
Used vehicle sales
Consumer Spending
Dealerships located in low-to-moderate income communities
Consumer Spending
Consumer Spending
Restaurants in the fast food segment
Restaurants in the fast casual segment
Restaurants in the family dining segment
Strong underlying demand
End of tax incentives for electric vehicle purchases
Softer demand
Restaurants in the family dining segment
Restaurants in the fast food segment
Restaurants in the fast casual segment
Contacts
Contacts
Prices
Labor Shortages
Banking Activity
Overall Credit Conditions
Consumer Purchasing Power
Agriculture Conditions
The Outlook
The report
Inflation
Prices
Consumer purchasing power
Prices
Firms
Firms
Firms
Contacts
Some auto manufacturers
Some auto manufacturers
Contacts
Operating Costs
Some firms
A few service-oriented firms
A few service-oriented firms
Pricing Negotiations
Customers
Internal cost pressures
Firms
Price Pass-Through
Tariffs on new car sales
The accelerated depreciation schedule from the One Big Beautiful Bill Act
A few service-oriented firms
Tariff Increases
Prices
Firms
Tariff Impacts
Prices
Strong Margins
Costs
Cost Pressures
Prices
Tariff impacts
Residential real estate activity
Real estate agents
Lower-priced homes
Higher-end homes
Financial stress of hospitals
Commercial real estate activity
One developer in Memphis
Weak agriculture conditions
New construction
New construction
New construction
sales
residential market
sales
housing market
new construction of multifamily, office, and industrial projects
Office projects
housing market
Multifamily projects
Industrial projects
Agriculture
Dry conditions
Soybean prices
Cattle prices
The absence of new crop exports to China
Dry conditions
Corn prices
Milk prices
Hog prices
Egg prices
Concerns
Yields
Existing workers
Soybean prices
Harvest
Increased operating costs
Vice contacts
Reduced income and donations
Concerns
Employers
Higher input costs
Current jobs
Costs for insurance
Increased operating costs
Services
Input Costs
Hiring
Consumers
A larger retailer
Contacts
Several retail stores
Auto dealers
Retailers
Visits by Canadians
Consumer spending
Unit sales
Demand
Manufacturing
Sales
Visits by Canadians
A manufacturer in Tennessee
An equipment manufacturer in Kentucky
Some firms
Some contacts
Some contacts
Manufacturing Activity
An apparel company
New Business Inquiries
Sales
Multiple Facilities
Professional and business services firms
Software firm
Professional and business services firms
Accounting firm
Cost-effective Strategies
Unfinished Goods
One firm
Offshoring Manufacturing
The firm's retail clients
Freight contacts
Retail Clients of Legal Services Firm
Airport
Demand
Demand Growth
Airport
An airport
Growth Pace
Demand
Legal Services Demand
Capital Investments and Acquisitions
Passenger Volumes
Goods Warehoused
Cargo Volumes
Caution
Passenger and Cargo Volumes
Consumers
Middle-income consumers
Businesses
Upper-income households
Community contacts
Middle-income consumers
Community contacts
A hotel owner in Missouri
A hotel owner in Missouri
Middle-class recession
Consumer Spending
Holiday Season
Travel, Events, Luxury Services
An event center in Northwest Arkansas
Caution
Travel Demand
Credit
Credit Card Delinquency Rates
Food Pantry Services
Middle-class recession
Select-service Hotels
The hotel owner in Missouri
The hotel owner in Missouri
The current environment
Middle-income consumers
Room Rentals and Gatherings
Youth-focused gaming facilities
Travel Demand
Middle-Class Recession
Middle-Class Consumers
Credit
Sales
Existing home sales
Contacts
Contacts
Sales
One realtor
Nonresidential construction activity
Leasing activity
Activity related to data centers
Existing home sales
Lack of inventory
Transaction volumes
High prices
One contact
Would-be homeowners
Would-be homeowners
Nonresidential construction activity
Declines
Activity related to data centers
Growth
Decline
Growth
Uncertainty surrounding federal funding
Growth
Uncertainty surrounding federal funding
Historically high demand
Growth
Slight declines
Previously planned projects
A technology firm in Memphis
A technology firm in Memphis
Prices
An apparel firm in Memphis
Some items such as uniforms
Several contacts
The technology firm in Memphis
A manufacturer
Prices
Price guarantee periods
Prices
Overall price increases
Price increases
Premiums, utilities, and opportunism
The apparel firm in Memphis
Price Guarantee Periods
Prices
The apparel firm in Memphis
Price
Overall loan growth in the Sixth District
Price
Loan demand from corporate borrowers
Loan demand from consumers
Loan growth
Economic uncertainty
Loan demand
Loan demand
Banking landscape
Bond values
Equity values
Financial conditions
Volatility
Business loan demand
One contact
Multiple contacts
Loan demand in the consumer sector
Terms for business loans
Loan rates
A few contacts
Terms for consumer loans
Loan quality
Business loan demand
One contact
Multiple contacts
acquisition activity
weaknesses among suppliers in the auto industry
mortgage refinancing
acquisition activity
weaknesses among suppliers in the auto industry
Ninth District
Ninth District
Ninth District
Ninth District
Employment
Economic Activity
Ninth District
Commercial Real Estate
Ninth District
Consumer Spending
Ninth District
Ninth District
Ninth District
Ninth District
Tourism
Ninth District
Minority-Owned Business Enterprises
Residential Real Estate
Construction
Agricultural Conditions
Energy Activity
Women-Owned Business Enterprises
Lower quality of agriculture
Agriculture
High input costs and low commodity prices
Recent adverse weather conditions
Contacts
Volumes sales in the protein business
Contacts in the protein business
Labor
Conditions
Quality of agriculture
Non-irrigated fields
Agriculture conditions
Government support
Growth
Demand for protein
Expansion in the protein business
Farmers
Residential real estate activity
Inventories
Prices
Commercial real estate activity
A Virginia broker
Agents throughout the District
Agents throughout the District
Big box and office spaces
Real Estate Activity
Residential Real Estate
Residential Real Estate
Commercial Real Estate Activity
Commercial Real Estate Situation
Retail Space
Medical Offices
Commercial Real Estate
The flight to quality
Virginia broker
Retail space
A South Carolina broker
Medical offices
Quality in Real Estate
Performance
Performance
Commercial real estate situation
Real Estate Market Concerns
Banking activity
Bankers
Loan demand
A banker
Access to credit
Scrutiny
Loan Demand
Loan Demand
Credit counseling agencies
Loan demand
A banker
Bankers
Increase in the number of people going to credit counseling agencies
Small business loans
Smaller businesses
number of people going to credit counseling agencies
trend of moderate loan demand
District contacts in childcare
Prevailing prices
Prevailing prices
Wage growth
District contacts in childcare
Prevailing prices of childcare
Preschool seats
Low- and moderate-income families
Prices of childcare
Childcare staff
Low- and moderate-income families
Preschool seats
Low- and moderate-income families
Manufacturing
Infant and toddler slots
Steel Orders
Fabricated Metals Demand
Sales
Contacts
Demand
Orders
Machinery Orders
Demand
Sales
Auto Production
Decline in Machinery Orders
Reshoring of Steel Production
Manufacturing
Heavy Truck Production
Orders
Steel Orders
Contacts
Fabricated Metals Demand
Sales
Production
Machinery Orders
Demand from the Auto Sector
Auto Production
Decline in Machinery Orders
Demand
Production
Heavy Truck Production
Overall
Steel Production
Unchanged
Construction and Automotive Industries
Decrease
Decrease
Demand from the Auto Sector
Flat
Input prices
Prices
Input prices
Manufacturing firms
Most firms
Manufacturing firms
Growth
Growth
Selling price growth
Growth
Selling prices
Selling prices
The unspecified manufacturing firm
A manufacturing firm
raw material costs
raw material costs
Home sales
Realtors
Economic uncertainty
Some contacts
Deterioration in the credit profiles of potential buyers
buyer hesitation
District
Cost inflation on new home construction
buyers' decisions
Demand for new starter homes
qualification for a mortgage
The luxury new home market
Homebuilders
deterioration in the credit profiles of potential buyers
Commercial real estate activity
Vacancy rates
Commercial real estate activity
Increasing in-office requirements by employers
New supply
Industrial vacancy rates
Home sales
new home construction
Realtors
new starter homes
Contacts
luxury new home market
previous report
speculative inventory
demand for space
office vacancy rates
demand
industrial vacancy rates
uneven market dynamics
Buyer hesitation
Credit profiles of potential buyers
Home sales
Commercial real estate (CRE)
Several aspects of new property development
Volume of construction underway
Sales of construction materials
Prices for construction materials
Construction employment
Construction of data centers
One labor leader
Activity
Activity
Activity
Activity
Activity
Headwinds
Standards, access to credit, and load demand
Availability of certain skilled workers
CRE activity
The overall level of activity
Construction employment
Historical norm
Activity
Commercial Real Estate and residential development activity
Labor Markets
Labor Markets
Manufacturing Firms
Nonmanufacturing Firms
Employment
Employment
All Firms
All Firms
Full-time Employment
Business Contacts
Full-time Employment
Contacts
Nonmanufacturers
Contacts
Business Contacts
Contacts
Contacts
Construction Industry
Decline in Foreign-born Workers
Full-time Employment
Construction Industry
Full-time Employment
Employment
A couple of contacts
Decline in availability of foreign-born workers
Employee Turnover
Part-time Employment
Workforce
Number of Employees
Hiring Workers
Labor Market Disruptions
Workforce
Foreign-born Workers
Delays at Job Site
Labor Shortage
Increase
Significant labor shortage
Workforce
Softening activity
Economic activity in the Tenth District
Businesses
Strategic pricing behavior
Different exposure to technology
Policy shocks
Sectors
Reports on conditions
Economic activity
Market shares
Market shares
Market shares
Changing consumer preferences
Employment levels
Businesses
Businesses
Market shares
Sectors
Employment levels
Sales
Employment levels
Slight reductions in head counts
Slight reductions in head counts
Most contacts
Most contacts
Construction employment
Most contacts
Some professional service companies
Larger layoffs
Consumer service providers
Labor demand
Former federal employees
Employment levels
Overall labor needs
Business service providers
Impending layoffs
Profitability
Staffing levels
Growth
Larger layoffs
AI capabilities
Employment
Availability
Workers and jobseekers in the region
A job fair in Grand Forks, North Dakota
Career services professionals
A labor contact in Minnesota
Workers
Several contacts
Several contacts
The job fair in Grand Forks, North Dakota
Labor market
Clients
Reduced hours
Employer registration numbers
Grocery stores
Hiring
Workers
Workers
Terminations
employer registration numbers
hours
hours
Transportation
Trucking firms
Activity
Trucking capacity
Shipments of consumer goods
Some trucking firms
Declining short-line railroad activity
Class I railroads
Class I railroads
Ports
Pace of declines
District manufacturing
A couple of cosmetics producers
Concrete manufacturers
Chemical manufacturers
Forecasts
Sales of paper and pulp
Intermodal freight volumes
Total carloads
Orders for components used in tires
Producers of packaged snack products
Producers of packaged snack products
Container volumes
Net change
Demand and market share gains
Backlogs
Demand for compounds used in chicken feed
Concerns
Trucking firms
Chemical manufacturers
Price increases
Sales volumes
Tariffs
shipments of consumer goods
sales of paper and pulp
Manufacturing activity in the District
Industry contacts
Industry contacts
Activity in North Dakota
Metal fabricators
Manufacturing activity
Increased orders
Producers of parts for equipment manufacturers
Decreased orders
Manufacturing activity in North Dakota
Contacts in home furnishings
Activity
Contacts in home furnishings
Slowdown in orders
Slowdown in orders
Mixed activity
Mixed activity
Agriculture
Lenders
Lenders
Lenders
Lenders
Cattle Producers
Agricultural Credit Conditions
Electricity
Farm Income
Trade policy volatility
Farm Income
Overall demand for agricultural products
Carbon
Overseas sales of domestic rice
Working Capital
Working Capital
Buyers
Farmers' Sentiment
Crops such as soybean, wheat, and corn
Chinese markets
Demand
Domestic demand for beef
Agricultural exports
Domestic demand for poultry
Demand
Domestic demand for peanuts
Decline
Domestic demand for tobacco
Dairy farmers
Rice
Demand from food service providers
Depressed
Food service providers
Brazil
Retail dairy sales
Food services providers
Demand
Demand
Demand
Demand
Sales
Cruise lines, resorts, and restaurants
Demand
Stability
Demand
Retail firms
Hospitality firms
Tourism firms
Retail, hospitality, and tourism firms
Consumer Spending
A contact from a northern Minnesota resort
Foot Traffic
Foot Traffic
Foot Traffic
Margins
Another contact
Decreased Profits
Economic uncertainties
A mall contact
The contact from a northern Minnesota resort
Unknown
The contact from a northern Minnesota resort
Fall Bookings
Consumer Expectations
Air of Caution
Decreased profits
Fall bookings
Decreased profits
Wages
Prices
Retail trade
Residential real estate
Commercial real estate activity
Related sectors
Consumer services sector
Business services sector
Community support organizations
Small businesses
Contacts
Agriculture
Economic outlook
Production and Yields
Cotton Growers
Expected Best Harvest
Downstream Industries
Cotton and Grain Prices
Positive Development
Best Harvest
La Nina Climate Pattern
Agriculture Outlooks
Warehouses, Ginning, and Transportation
Sub-profitable
Cotton growers
La Nina climate pattern
Warmer, Dryer Weather
Increased Likelihood of La Nina
Weather
Manufacturing
Machinery and Transportation Manufacturing
Output Growth
Chemical Production
Trade Policy and Global Oversupply
Gulf Coast Refineries
Output Growth
Output Growth
Perceptions of Broader Business Conditions
Contacts
Slowing Demand
Downstream industries
Durable Goods
Inflation
Domestic Policy Uncertainty
Production Levels
The dip in production levels
Gulf Coast refineries
Export Demand for Basic Chemicals
Production Levels
Manufacturing
Global Margins for Refined Products
Manufacturing Outlooks
Manufacturing Outlooks
Manufacturing Outlooks
Seasonality and unplanned outages
Production levels
Agriculture
Corn production
Soybean harvests
Low crop prices
Elevated expenses
Agricultural conditions
Oil and gas exploration activity
A manufacturer and retailer in Wisconsin
District states
Labor demand
producer incomes
producer incomes
A lower share of contacts
Fewer contacts
A manufacturer and retailer in Wisconsin
downturn in demand
higher final prices
average compensation
Demand
Interest Rates
Financial Institutions
Borrowers
The source text
Demand for Loans
Nonfinancial Services
Lending Activity
Transportation and Warehousing
Caution
Professional and Business Services
Information
Leisure and Hospitality
Healthcare
high uncertainty
Activity
Port Traffic
Small parcel shipments
Airlines
Service Sector
Clients
Small Parcel Shipments
Uncertainty
Pickup
Port traffic
Clients
Airlines
Pickup
Weakness
Weakness
Weakness
Volumes
Outlooks
Headwind
Volumes
Outlooks
Unspent Budgets
Hiring
Passenger Traffic
Contacts
Tenth District
Contacts
The number of active oil and gas rigs
Some firms
Firms in Colorado
Oil prices
Contacts
Contacts
Firms
Oil and gas activity
Drilling activity
Drilling activity
Colorado
Breakeven prices
Profitable levels
Revenues and profits
Natural gas prices
Oil or gas prices
Declining revenues and profits
Labor Markets
Surveys
Payroll Contacts
Median Wages
Hospitality and Tourism Firms
Wage Growth
Wage Pressure
Median Wages
Wage Growth
Hospitality and tourism firms
Wage Increases
Wage increases
Building material and garden equipment stores
Furniture stores
Retail Sales
Electronic and appliance stores
Overall retail inventories
Food and beverage
Health care
Sales
Outlooks
Sales
Retail sales
Tariffs
Building material and garden equipment stores
Sales
Steadiness
Furniture stores
Margins
Margins
Pessimism
Electronic and appliance stores
Overall retail inventories
Higher costs in health care and food and beverage sectors
Outlooks
Uncertainty
Lower sales
Tariffs
Lower sales
Steady
Pessimistic
Lower sales
Uncertainty among contacts
Drilling and well completion activity
Producers
Producers
Breakeven costs for wells
An oil field service contact
Several firms
Pipeline contacts
Pipeline contacts
Low oil prices
U.S. crude production
U.S. crude production
Input costs
Rigs
Project delays
An oil field service contact
Project pipelines
Regulatory relief and favorable tax policies
U.S. crude production
rigs
Employment
Surveys
Seasonality
Surveys
Employment
Labor Demand
A staffing contact in Michigan's Upper Peninsula
Employers
The staffing contact
Employers
Recent unemployment claims
Labor Demand and Head Count
A staffing firm
A Minnesota advertising firm
A contact in Montana
Artificial intelligence
The staffing contact in Michigan's Upper Peninsula
Head Count
The staffing contact in Michigan's Upper Peninsula
Montana employers
Labor Demand
The staffing contact in Michigan's Upper Peninsula
New Full-Time Employees
Temporary Hiring
Cutting Workers
Unemployment Claims
Hiring
Hiring
Future Labor Demand
Entry-Level Positions
Labor Demand
Labor Demand
Labor Demand
Labor Demand
Increased carrier capacity to the East Coast
A fuse box manufacturer
The decline in volumes
Manufacturing activity in the Fifth District
Contacts
Spot rates
Volumes for freight moving over the road
Requests for auto storage space
Another contact
Spot rates
Operations
Customer price sensitivity
Requests for auto storage space
Downward trend
Spot rates
Volumes
Manufacturing activity
The contact
Daily revenues
The firm
Competitors
Household budget
Fuel prices
Downward trend in freight volumes
Employment
Staffing firms
Professionals
Companies
Head counts
Firms
Homebuilders
Wage growth
Nonprofits
Positions
Wage growth
Firms
Energy sector
Wells
Hiring
Head counts
Firms
Head counts
Wage growth
Construction
Wage Growth
Construction permits
Proposed new projects
Alterations and repairs
Activity
Permits for new residential projects
Real value
Contacts in Minnesota
Construction permits
Construction permits
Contacts in Minnesota
Requirements to build and assemble products in the U.S.
Lack of new construction
Commercial real estate
Lack of new construction
Permits
Industrial space
Outlook
Recent home sales
Industrial space
Lack of new construction
Activity
Proposed new projects in Rochester, Minnesota
Recent home sales
Residential real estate
Costs
Market condition
Existing properties
Recent home sales
Overall market
Sales
Leasing success
Leasing success
Overall market
Construction permits
Larger District markets
Market condition
Home sales
Sales of goods
Several contacts
Consumer Spending
Sales, deals, and purchases by lower income households
Several firms
Contacts at auto dealerships
Several firms
Household Spending
Consumer Spending
Household Consumption
Sales, deals, and purchases
Demand
Staffing Hours
Higher Input Costs
Several firms
The majority of contacts
The majority of contacts
The majority of contacts
Cost Growth
Sales in 2026
Softness in Demand
Expected Spending for the remainder of 2025
District banks
District banks
Overall Loan Quality
Consumer Lending
Consumer Lending
Respondents
Respondents
Deposit Levels
Deposit Levels
Loan Demand
Credit Standards
District banks
District banks
Deterioration
Challenges
Customers with lower personal incomes
Customers employed in industries driven by discretionary spending
Money Market Accounts
Certificates of Market Rate Decreases
Disposable income levels
Consumer lending
Favorable weather
Demand from abroad
Several contacts
Demand from abroad
A recent heat wave
Changes in immigration policy
One contact
Heat wave commodities
Yields
Labor
Financial strain
Agriculture and Resource-Related Industries
Labor shortfalls
Investment
China
Producers
Demand
Funding and grant cuts
Community support organizations and small businesses
Small business owners
Small business owners
Small business owners
Contacts
Small business owners
Assistance
Ability to provide assistance
Reports
Demand
Finances
Conditions
Reports
Investment
Savings
Decline in demand
Reports
Community support organizations and small businesses
Community support organizations and small businesses
Business closures
Community support organizations and small businesses
Cuts to operating hours
Loan delinquencies
Business closures
Operating hours
Input price pressures
Assistance
Prices
District firms
District firms
District firms
District firms
Several manufacturers
Retail fuel prices
Prices
Prices for canola
Prices
Prices for sunflowers
Prices
Prices for cattle
Prices
Prices for turkeys
Electricity rates
Employee healthcare premiums
Prices for hogs
Retail fuel prices
Prices for wheat
Prices for soybeans
Prices
Prices
Prices
Prices for pulse crops
Prices for hay
Prices
Prices for chickens
Prices for eggs
Prices for milk
Prices
Prices
Prices
District firms
Prices
Prices
Prices
Prices
Prices
Prices
Prices
Prices
Higher import duties
cost increase
Many suppliers
Retailers
cost increase for imported supplies
price increases
raw materials, electrical components, electronic components, and food
price increases
resistance to higher menu prices
Several restaurants
mid to high-end markets
price increases
resistance to higher menu prices
portion sizes
higher menu prices
Customers
recipes
Contacts in the insurance industry
overall cost
price increases
Nonprofits
Nonprofits
Nonprofits
Nonprofits
Nonprofits
An agriculture nonprofit
Nonprofits
Nonprofits
An agriculture nonprofit
A large nonprofit organization
A large nonprofit organization
Demand for social services
The agriculture nonprofit
The large nonprofit organization
Demand for rental assistance
Food assistance
Utility assistance
Demand for housing assistance
Concerns regarding funding
Alternate revenue streams
Live webinars
Consumers
high-value products
Nominal fee for access
eLearning offerings
High-value products
Manufacturing
Most reports
Demand for automated manufacturers
Automated Manufacturers
A contact in the automotive sector
Higher Costs
Increased Levels of Excess Capacity
Higher costs
Manufacturing Activity
Materials Availability
Excess Capacity
Excess Capacity
Higher Tariff Costs
Investment Opportunities
Utilities and Imported Semiconductor Chips
Manufacturing Sector
Utilities and Imported Semiconductor Chips
Investment Opportunities
Retail Trade
Retail Trade
Retail Trade
Retail Trade
Contacts in Tourist Destination Areas
Retail Trade
Slower Foot Traffic
Retail Sales
Retail Sales
Beverages
Pet Supplies
Clothing
Food Products
Travel-related Retail Spending
Consumer Goods
Travel-related Retail Spending
Luxury Goods
Athletic Footwear
Consumer Services Sector
Demand
Business Services Sector
Successful Marketing Campaigns
Demand
Demand
Demand
Demand
Demand
Lower Sales at Full-service Restaurants
Demand
Conditions
Transportation Services Contact in Alaska
Conditions
Affordable Goods
Consumer Demand
Business Technology
Hospitality Services
Health-related Food Services
Elective Health Procedures
Travel Services
Businesses
Affordable goods
Lower Freight Volumes
Prices
Selling prices
A computer manufacturer
Challenges
A professional and business services firm
Service firms
Manufacturing executives
Selling prices
U.S. customs
Manufacturing sector
Steel and aluminum tariffs
Health care and business insurance premiums
Price growth
Professional and business services firm
Selling price increases
Most Employers
Several Contacts in Health Care
Labor Markets
Investment in Artificial Intelligence
Several Contacts in Manufacturing
Employment Reductions
Most Employers
Health-care and business insurance premiums
Number of Applicants
Employers in Financial Services and Insurance
Positions and Tasks
Head Counts
Staff Levels
Staff Levels
Employment Levels
Investment in Artificial Intelligence
Employers
Hiring
Open Positions
Workers
Wages
Turnover
A Few Contacts
Wage Growth
Some Contacts
Hiring
Wage Pressures
Wage Pressures
Wage Pressures
Wage Growth
Growth
Previous Reporting Period
Hiring Difficulties
Retention of Experienced Employees
Industries
Reported Past Growth Rates
Lower Wage Jobs
Sectors
Highly Specialized Positions
Housing market
Foot traffic and sales
Home inventories
Builders
Activity
Builders
Inventory
Reliance
Home starts
Discounting and mortgage rate buydowns
Vacant developed lot supply
Outlooks
Activity
Starts
Commercial real estate
Supply
Apartment demand
Elevated supply of new units
Outlooks
Office leasing
Contacts
Outlooks
Industrial and retail activity
Activity
Home inventories
Firms
Home inventories
Investment sales activity
Demand
Builders
Supply
Builders
Leasing
Outlooks
Signs of stability
Outlooks
Activity
Home inventories
Outlooks
Short-term leases
Home inventories
Discounting
Activity
Mortgage rate buydowns
Demand
Economic uncertainty
Growth in the manufacturing sector
Economic activity in the Eleventh District
Activity in non-financial services
Retail sales
Housing market activity
Growth
Economic Activity
Activity
Retail Sales
Oil production
Drilling activity
Housing Market Activity
Loan volume
Demand
Oil Production
Employment
Drilling Activity
Loan Volume
Demand
Price pressures in manufacturing
Wage growth
Price pressures in the services sector
Firms
Outlooks
Inflation
Employment
Domestic policy uncertainty
Drilling activity and oil production
Price Pressures
Wage Growth
Loan volume and demand
Outlooks
Price Pressures
Inflation
Selling Price Increases
Outlooks
Drilling activity and oil production
Domestic Policy Uncertainty
Loan volume and demand
Outlooks
Demand for new residential developers
Residential real estate activity
Several Northern California contacts
New residential construction
Slowing construction activity
Contacts
Real estate activity
Construction materials
Incentives
Competition for work
Scope for builders
Prices
Construction
New commercial construction
New commercial construction
Public and private infrastructure projects
One contact
Availability
Public and private infrastructure projects
More businesses
Commercial real estate activity
Changes in rents
New residential real estate developers
Activity
Changes in rents
Roads and data centers
Public and private infrastructure projects
Construction of health facilities
Leasing demand
Rents
Decisions about space needs
Construction
Incentives
Real estate activity
Industrial and office space
Industrial and office space
Loan volume and demand
Credit tightening
Credit standards and terms
Loan pricing
Credit tightening
Bankers
Loan performance for commercial real estate
Bankers
Bankers' outlooks
Loan volume and demand
Credit tightening
Residential real estate loans
Loan pricing
Remaining loan types
Loan performance
Survey respondents
Loan performance for commercial real estate
General business activity
Bankers' outlooks
Survey respondents
Survey respondents
Loan volume and demand
Loan pricing
Credit tightening
Credit standards and terms
Loan demand
Credit tightening
Loan performance for commercial real estate
Bankers
Business activity
Bankers' outlooks
Loan performance
Residential real estate loans
Remaining loan types
General business activity
The Beige Book
The Federal Reserve System
Federal Reserve System
Economic Conditions
The Beige Book
The Federal Reserve System
Economic Conditions
Federal Reserve System
The Beige Book
The Beige Book
The Beige Book
Reports
The Beige Book
regional economic conditions and prospects
District's sources
publication frequency
Federal Reserve System publication
The Beige Book
The Beige Book
The Beige Book
The Beige Book
The Beige Book
Commentary
Economic Conditions
Information Collection
Regional Information Gathering
Economic Conditions
Berkshire Hathaway
Warren Buffett
Charlie Munger
Greg Abel
Greg Abel
Berkshire Hathaway
Warren Buffett
Warren Buffett
Warren Buffett
Berkshire Hathaway
Berkshire Hathaway
Warren Buffett
Vice Chairman of Berkshire Hathaway
Chairman of Berkshire Hathaway
Omaha, Nebraska
Warren Buffett
Berkshire Hathaway
Investment fund
Control of Berkshire Hathaway
Berkshire Hathaway
Overall economic interest in Berkshire Hathaway
Manufacturer
Conglomerate
Class A voting shares of Berkshire Hathaway
Berkshire Hathaway Inc.
Berkshire Hathaway Inc.
Berkshire Hathaway Inc.
Berkshire Hathaway Inc.
Berkshire Hathaway Inc.
Berkshire Hathaway Inc.
Oliver Chace
Berkshire Hathaway Inc.
Berkshire Hathaway Inc.
Berkshire Hathaway Inc.
Berkshire Hathaway Inc.
Berkshire Hathaway Inc.
Berkshire Hathaway Inc.
Berkshire Hathaway Inc.
Berkshire Hathaway Inc.
Berkshire Hathaway Inc.
Berkshire Hathaway Inc.
Public Company
NYSE: BRK.B (Class B)
Conglomerate
Blackstone Plaza
1839
S&P 500
Berkshire Hathaway Inc.
Worldwide
Hathaway Manufacturing Company
Berkshire Fine Spinning Associates
Blackstone Plaza, Omaha, Nebraska, U.S.
S&P 100
S&P 500
US0846707026
S&P 100
NYSE: BRK.A (Class A)
Valley Falls Company
Berkshire Hathaway Inc.
Berkshire Hathaway
S&P 500
Berkshire Hathaway
Berkshire Hathaway
S&P 500
Berkshire Hathaway
Berkshire Hathaway
Berkshire Hathaway
Berkshire Hathaway
Warren Buffett
Warren Buffett
Berkshire Hathaway
Ajit Jain
Greg Abel
Stock Price Performance
CAGR
CAGR
Net Income
Shareholder Returns
Total Assets
Revenue
Berkshire Hathaway
Ownership
CAGR
Total Equity
Berkshire Hathaway
Operating Income
Number of Employees
Berkshire Hathaway
Apple | A multinational technology company known for its consumer electronics and software.
iPhone 15 | A smartphone model released by Apple.
The apple | A type of fruit.
fruit | A sweet and edible product of a flowering plant.
Profits | A financial gain or surplus earned by a company during a specific period.
Apple Hospitality REIT | A real estate investment trust that owns and operates a portfolio of hotels.
many hotels | 'A real estate investment trust that owns and operates a portfolio of hotels.'
Apple | A multinational technology company known for its consumer electronics and software.
iPhone 15 | A smartphone model released by Apple.
