[TopicNode] 2. Incident Report (Reason: The header 'Incident Report' refers to a general subject matter or theme related to reporting incidents, rather than a specific actor, organization, or person.)
[TopicNode] 2.1 System Failure (Reason: The header '2.1 System Failure' refers to a general theme or concept related to failures in systems, rather than a specific actor, organization, or person.)
[TopicNode] Incident Report
[TopicNode] System Failure
[EntityNode] Richmond
[EntityNode] Dallas
[EntityNode] Boston
[EntityNode] New York
[TopicNode] Overall Economic Activity
[TopicNode] Prices
[EntityNode] Philadelphia
[EntityNode] San Francisco
[EntityNode] Federal Reserve
[TopicNode] The Beige Book
[EntityNode] Cleveland
[EntityNode] Kansas City
[TopicNode] Beige Book
[EntityNode] St. Louis
[EntityNode] Federal Reserve
[EntityNode] Federal Reserve
[EntityNode] Federal Reserve Bank of Boston
[TopicNode] Beige Book
[EntityNode] Minneapolis
[TopicNode] Labor Markets
[EntityNode] Atlanta
[TopicNode] Retail and Tourism
[TopicNode] Manufacturing and Related Services
[TopicNode] Software and IT Services
[TopicNode] Commercial Real Estate
[EntityNode] Federal Reserve Bank of New York
[TopicNode] Economic Activity
[EntityNode] Federal Reserve Bank of New York
[EntityNode] Federal Reserve Bank of New York
[TopicNode] Residential Real Estate
[TopicNode] Community Perspectives
[TopicNode] Summary of Economic Activity
[TopicNode] Services
[TopicNode] Real Estate and Construction
[TopicNode] Banking and Finance
[TopicNode] Prices
[EntityNode] Minneapolis
[EntityNode] Kansas City
[TopicNode] Overall Economic Activity
[EntityNode] San Francisco
[EntityNode] New York
[TopicNode] The Beige Book
[TopicNode] Overall Economic Activity
[TopicNode] Prices
[TopicNode] Retail and Tourism
[EntityNode] Cleveland
[EntityNode] Philadelphia
[TopicNode] Labor Markets
[TopicNode] Labor Markets
[EntityNode] St. Louis
[EntityNode] Dallas
[EntityNode] Boston
[TopicNode] Beige Book
[TopicNode] Beige Book
[EntityNode] Federal Reserve Bank of Boston
[EntityNode] Richmond
[EntityNode] Atlanta
[TopicNode] Beige Book
[EntityNode] Federal Reserve Bank of Boston
[EntityNode] Federal Reserve Bank of Boston
[TopicNode] Community Perspectives
[EntityNode] Federal Reserve
[TopicNode] Summary of Economic Activity
[TopicNode] Manufacturing and Related Services
[TopicNode] Software and IT Services
[TopicNode] Residential Real Estate
[TopicNode] Commercial Real Estate
[EntityNode] Federal Reserve Bank of New York
[TopicNode] Banking and Finance
[TopicNode] Real Estate and Construction
[TopicNode] Services
[EntityNode] Philadelphia
[EntityNode] St. Louis
[EntityNode] Kansas City
[EntityNode] Boston
[EntityNode] Atlanta
[EntityNode] New York
[EntityNode] Cleveland
[TopicNode] Prices
[TopicNode] Overall Economic Activity
[EntityNode] Dallas
[TopicNode] How is the information used?
[TopicNode] Labor Markets
[TopicNode] How is the information used?
[TopicNode] Purpose of the Beige Book
[TopicNode] Information Collection
[EntityNode] Minneapolis
[EntityNode] Federal Reserve Bank of Boston
[EntityNode] Federal Reserve Bank of Boston
[TopicNode] Beige Book
[EntityNode] San Francisco
[EntityNode] Richmond
[EntityNode] Federal Reserve Bank of Boston
[EntityNode] Federal Reserve Bank of Boston
[EntityNode] Federal Reserve Bank of Boston
[EntityNode] Federal Reserve Bank of Boston
[TopicNode] Manufacturing and Related Services
[TopicNode] Retail and Tourism
[TopicNode] Summary of Economic Activity
[TopicNode] Software and IT Services
[TopicNode] Commercial Real Estate
[TopicNode] Community Perspectives
[EntityNode] Federal Reserve Bank of New York
[TopicNode] Residential Real Estate
[TopicNode] Services
[TopicNode] Real Estate and Construction
[TopicNode] Banking and Finance
[EntityNode] Dallas
[EntityNode] Boston
[EntityNode] Philadelphia
[TopicNode] Labor Markets
[TopicNode] The Beige Book
[EntityNode] San Francisco
[TopicNode] Beige Book
[EntityNode] St. Louis
[TopicNode] Prices
[TopicNode] How is the information used?
[EntityNode] Minneapolis
[EntityNode] Richmond
[TopicNode] Purpose of the Beige Book
[TopicNode] Overall Economic Activity
[EntityNode] Federal Reserve Bank of Boston
[TopicNode] Overall Economic Activity
[EntityNode] Kansas City
[EntityNode] Atlanta
[EntityNode] New York
[EntityNode] Federal Reserve Bank of Boston
[EntityNode] Cleveland
[EntityNode] Federal Reserve Bank of Boston
[EntityNode] Federal Reserve Bank of Boston
[EntityNode] Federal Reserve Bank of Boston
[EntityNode] Federal Reserve Bank of Boston
[TopicNode] Summary of Economic Activity
[TopicNode] Commercial Real Estate
[TopicNode] Residential Real Estate
[TopicNode] Retail and Tourism
[TopicNode] Software and IT Services
[EntityNode] Federal Reserve Bank of New York
[TopicNode] Community Perspectives
[TopicNode] Manufacturing and Related Services
[EntityNode] Federal Reserve Bank of New York
[EntityNode] Federal Reserve Bank of New York
[TopicNode] Services
[TopicNode] Real Estate and Construction
[TopicNode] Banking and Finance
[EntityNode] New York
[EntityNode] Cleveland
[EntityNode] Dallas
[EntityNode] Boston
[TopicNode] Purpose of the Beige Book
[TopicNode] How is the information used?
[EntityNode] San Francisco
[EntityNode] Philadelphia
[EntityNode] Minneapolis
[TopicNode] Overall Economic Activity
[TopicNode] Prices
[EntityNode] Kansas City
[EntityNode] St. Louis
[EntityNode] Richmond
[EntityNode] Atlanta
[TopicNode] Information Collection
[TopicNode] Labor Markets
[TopicNode] Beige Book
[TopicNode] Economic Surveys
[EntityNode] Federal Reserve Bank of Boston
[EntityNode] Federal Reserve Bank of Boston
[EntityNode] Federal Reserve Bank of Boston
[EntityNode] Federal Reserve Bank of Boston
[TopicNode] Summary of Economic Activity
[TopicNode] Retail and Tourism
[TopicNode] Manufacturing and Related Services
[TopicNode] Software and IT Services
[EntityNode] Federal Reserve Bank of New York
[EntityNode] Federal Reserve Bank of New York
[EntityNode] Federal Reserve Bank of New York
[EntityNode] Federal Reserve Bank of New York
[EntityNode] Federal Reserve Bank of New York
[TopicNode] Community Perspectives
[TopicNode] Commercial Real Estate
[TopicNode] Community Perspectives
[TopicNode] Real Estate and Construction
[TopicNode] Residential Real Estate
[TopicNode] Banking and Finance
[TopicNode] Services
[EntityNode] Philadelphia
[EntityNode] San Francisco
[EntityNode] Dallas
[TopicNode] Purpose of the Beige Book
[EntityNode] Minneapolis
[TopicNode] Overall Economic Activity
[EntityNode] Atlanta
[TopicNode] Overall Economic Activity
[TopicNode] Prices
[EntityNode] Boston
[EntityNode] Kansas City
[TopicNode] Beige Book
[EntityNode] St. Louis
[EntityNode] Richmond
[TopicNode] How is the information used?
[EntityNode] Federal Reserve Bank of Boston
[TopicNode] How is the information used?
[TopicNode] Labor Markets
[EntityNode] Federal Reserve Bank of Boston
[EntityNode] Federal Reserve Bank of Boston
[EntityNode] New York
[TopicNode] Summary of Economic Activity
[TopicNode] Retail and Tourism
[TopicNode] Software and IT Services
[EntityNode] Cleveland
[TopicNode] Manufacturing and Related Services
[TopicNode] Commercial Real Estate
[EntityNode] Federal Reserve Bank of New York
[TopicNode] Residential Real Estate
[TopicNode] Banking and Finance
[TopicNode] Community Perspectives
[TopicNode] Services
[TopicNode] Community Perspectives
[TopicNode] Real Estate and Construction
